<html>
<head>
<title>TestNG:  Default test</title>
<link href="../testng.css" rel="stylesheet" type="text/css" />
<link href="../my-testng.css" rel="stylesheet" type="text/css" />

<style type="text/css">
.log { display: none;} 
.stack-trace { display: none;} 
</style>
<script type="text/javascript">
<!--
function flip(e) {
  current = e.style.display;
  if (current == 'block') {
    e.style.display = 'none';
    return 0;
  }
  else {
    e.style.display = 'block';
    return 1;
  }
}

function toggleBox(szDivId, elem, msg1, msg2)
{
  var res = -1;  if (document.getElementById) {
    res = flip(document.getElementById(szDivId));
  }
  else if (document.all) {
    // this is the way old msie versions work
    res = flip(document.all[szDivId]);
  }
  if(elem) {
    if(res == 0) elem.innerHTML = msg1; else elem.innerHTML = msg2;
  }

}

function toggleAllBoxes() {
  if (document.getElementsByTagName) {
    d = document.getElementsByTagName('div');
    for (i = 0; i < d.length; i++) {
      if (d[i].className == 'log') {
        flip(d[i]);
      }
    }
  }
}

// -->
</script>

</head>
<body>
<h2 align='center'>Default test</h2><table border='1' align="center">
<tr>
<td>Tests passed/Failed/Skipped:</td><td>3/1/0</td>
</tr><tr>
<td>Started on:</td><td>Fri Apr 14 15:35:21 IST 2023</td>
</tr>
<tr><td>Total time:</td><td>256 seconds (256867 ms)</td>
</tr><tr>
<td>Included groups:</td><td></td>
</tr><tr>
<td>Excluded groups:</td><td></td>
</tr>
</table><p/>
<small><i>(Hover the method name to see the test class name)</i></small><p/>
<table width='100%' border='1' class='invocation-failed'>
<tr><td colspan='4' align='center'><b>FAILED TESTS</b></td></tr>
<tr><td><b>Test method</b></td>
<td width="30%"><b>Exception</b></td>
<td width="10%"><b>Time (seconds)</b></td>
<td><b>Instance</b></td>
</tr>
<tr>
<td title='Runner.TestApplication.runScenario()'><b>runScenario</b><br>Test class: Runner.TestApplication<br>Test method: Runs Cucumber Scenarios<br>Parameters: "checking if the system is reversing the charges transaction if charges were applied at the destroy", "Optional[To Test the amend cheque card status module]"</td>
<td><div><pre>org.openqa.selenium.ElementClickInterceptedException: element click intercepted: Element &lt;input type=&quot;button&quot; id=&quot;_popup_path_sol_ok&quot; class=&quot;ui-button-text fg-button ui-button ui-corner-all ui-widget ui-state-default ui-button-text-only&quot; value=&quot;Ok&quot;&gt; is not clickable at point (959, 537). Other element would receive the click: &lt;div class=&quot;ui-widget-shadow progBarBackGound&quot; style=&quot;&quot;&gt;&lt;/div&gt;
  (Session info: chrome=111.0.5563.147)
Build info: version: &apos;4.8.1&apos;, revision: &apos;8ebccac989&apos;
System info: os.name: &apos;Windows 10&apos;, os.arch: &apos;amd64&apos;, os.version: &apos;10.0&apos;, java.version: &apos;19.0.1&apos;
Driver info: org.openqa.selenium.chrome.ChromeDriver
Command: [bbf8195fdf6d7b95b4eee564f9b2f63a, clickElement {id=d019eb08-a19f-4853-be78-c2fdde0f6f05}]
Capabilities {acceptInsecureCerts: false, browserName: chrome, browserVersion: 111.0.5563.147, chrome: {chromedriverVersion: 111.0.5563.64 (c710e93d5b63..., userDataDir: C:\Users\ININDC~1\AppData\L...}, goog:chromeOptions: {debuggerAddress: localhost:49598}, networkConnectionEnabled: false, pageLoadStrategy: normal, platformName: WINDOWS, proxy: Proxy(), se:cdp: ws://localhost:49598/devtoo..., se:cdpVersion: 111.0.5563.147, setWindowRect: true, strictFileInteractability: false, timeouts: {implicit: 0, pageLoad: 300000, script: 30000}, unhandledPromptBehavior: dismiss and notify, webauthn:extension:credBlob: true, webauthn:extension:largeBlob: true, webauthn:extension:minPinLength: true, webauthn:extension:prf: true, webauthn:virtualAuthenticators: true}
Element: [[ChromeDriver: chrome on WINDOWS (bbf8195fdf6d7b95b4eee564f9b2f63a)] -&gt; xpath: //center//input[@value=&apos;Ok&apos;]]
Session ID: bbf8195fdf6d7b95b4eee564f9b2f63a
	at java.base/jdk.internal.reflect.DirectConstructorHandleAccessor.newInstance(DirectConstructorHandleAccessor.java:67)
	at java.base/java.lang.reflect.Constructor.newInstanceWithCaller(Constructor.java:500)
	at java.base/java.lang.reflect.Constructor.newInstance(Constructor.java:484)
	at org.openqa.selenium.remote.codec.w3c.W3CHttpResponseCodec.createException(W3CHttpResponseCodec.java:200)
	at org.openqa.selenium.remote.codec.w3c.W3CHttpResponseCodec.decode(W3CHttpResponseCodec.java:133)
	at org.openqa.selenium.remote.codec.w3c.W3CHttpResponseCodec.decode(W3CHttpResponseCodec.java:53)
	at org.openqa.selenium.remote.HttpCommandExecutor.execute(HttpCommandExecutor.java:184)
	at org.openqa.selenium.remote.service.DriverCommandExecutor.invokeExecute(DriverCommandExecutor.java:167)
	at org.openqa.selenium.remote.service.DriverCommandExecutor.execute(DriverCommandExecutor.java:142)
	at org.openqa.selenium.remote.RemoteWebDriver.execute(RemoteWebDriver.java:543)
	at org.openqa.selenium.remote.RemoteWebElement.execute(RemoteWebElement.java:257)
	at org.openqa.selenium.remote.RemoteWebElement.click(RemoteWebElement.java:78)
	at java.base/jdk.internal.reflect.DirectMethodHandleAccessor.invoke(DirectMethodHandleAccessor.java:104)
	at java.base/java.lang.reflect.Method.invoke(Method.java:578)
	at org.openqa.selenium.support.pagefactory.internal.LocatingElementHandler.invoke(LocatingElementHandler.java:52)
	at jdk.proxy2/jdk.proxy2.$Proxy45.click(Unknown Source)
	at helper.ClicksAndActionsHelper.clickOnElement(ClicksAndActionsHelper.java:22)
	at stepdefinitions.CSM_AmendChequeCardStatusSteps.get_the_transaction_number_and_click_on_alert_ok_button(CSM_AmendChequeCardStatusSteps.java:412)
	at ?.get the transaction number and click on alert ok button(file:///C:/Users/ININDC00076/git/CSMAnandh/AzentioAutomationFramework_CSMAnandh/src/test/java/features/CSM_AmendChequeCardStatusFEATURE.feature:64)
</pre></div><a href='#' onClick='toggleBox("stack-trace443597324", this, "Click to show all stack frames", "Click to hide stack frames")'>Click to show all stack frames</a>
<div class='stack-trace' id='stack-trace443597324'><pre>org.openqa.selenium.ElementClickInterceptedException: element click intercepted: Element &lt;input type=&quot;button&quot; id=&quot;_popup_path_sol_ok&quot; class=&quot;ui-button-text fg-button ui-button ui-corner-all ui-widget ui-state-default ui-button-text-only&quot; value=&quot;Ok&quot;&gt; is not clickable at point (959, 537). Other element would receive the click: &lt;div class=&quot;ui-widget-shadow progBarBackGound&quot; style=&quot;&quot;&gt;&lt;/div&gt;
  (Session info: chrome=111.0.5563.147)
Build info: version: &apos;4.8.1&apos;, revision: &apos;8ebccac989&apos;
System info: os.name: &apos;Windows 10&apos;, os.arch: &apos;amd64&apos;, os.version: &apos;10.0&apos;, java.version: &apos;19.0.1&apos;
Driver info: org.openqa.selenium.chrome.ChromeDriver
Command: [bbf8195fdf6d7b95b4eee564f9b2f63a, clickElement {id=d019eb08-a19f-4853-be78-c2fdde0f6f05}]
Capabilities {acceptInsecureCerts: false, browserName: chrome, browserVersion: 111.0.5563.147, chrome: {chromedriverVersion: 111.0.5563.64 (c710e93d5b63..., userDataDir: C:\Users\ININDC~1\AppData\L...}, goog:chromeOptions: {debuggerAddress: localhost:49598}, networkConnectionEnabled: false, pageLoadStrategy: normal, platformName: WINDOWS, proxy: Proxy(), se:cdp: ws://localhost:49598/devtoo..., se:cdpVersion: 111.0.5563.147, setWindowRect: true, strictFileInteractability: false, timeouts: {implicit: 0, pageLoad: 300000, script: 30000}, unhandledPromptBehavior: dismiss and notify, webauthn:extension:credBlob: true, webauthn:extension:largeBlob: true, webauthn:extension:minPinLength: true, webauthn:extension:prf: true, webauthn:virtualAuthenticators: true}
Element: [[ChromeDriver: chrome on WINDOWS (bbf8195fdf6d7b95b4eee564f9b2f63a)] -&gt; xpath: //center//input[@value=&apos;Ok&apos;]]
Session ID: bbf8195fdf6d7b95b4eee564f9b2f63a
	at java.base/jdk.internal.reflect.DirectConstructorHandleAccessor.newInstance(DirectConstructorHandleAccessor.java:67)
	at java.base/java.lang.reflect.Constructor.newInstanceWithCaller(Constructor.java:500)
	at java.base/java.lang.reflect.Constructor.newInstance(Constructor.java:484)
	at org.openqa.selenium.remote.codec.w3c.W3CHttpResponseCodec.createException(W3CHttpResponseCodec.java:200)
	at org.openqa.selenium.remote.codec.w3c.W3CHttpResponseCodec.decode(W3CHttpResponseCodec.java:133)
	at org.openqa.selenium.remote.codec.w3c.W3CHttpResponseCodec.decode(W3CHttpResponseCodec.java:53)
	at org.openqa.selenium.remote.HttpCommandExecutor.execute(HttpCommandExecutor.java:184)
	at org.openqa.selenium.remote.service.DriverCommandExecutor.invokeExecute(DriverCommandExecutor.java:167)
	at org.openqa.selenium.remote.service.DriverCommandExecutor.execute(DriverCommandExecutor.java:142)
	at org.openqa.selenium.remote.RemoteWebDriver.execute(RemoteWebDriver.java:543)
	at org.openqa.selenium.remote.RemoteWebElement.execute(RemoteWebElement.java:257)
	at org.openqa.selenium.remote.RemoteWebElement.click(RemoteWebElement.java:78)
	at java.base/jdk.internal.reflect.DirectMethodHandleAccessor.invoke(DirectMethodHandleAccessor.java:104)
	at java.base/java.lang.reflect.Method.invoke(Method.java:578)
	at org.openqa.selenium.support.pagefactory.internal.LocatingElementHandler.invoke(LocatingElementHandler.java:52)
	at jdk.proxy2/jdk.proxy2.$Proxy45.click(Unknown Source)
	at helper.ClicksAndActionsHelper.clickOnElement(ClicksAndActionsHelper.java:22)
	at stepdefinitions.CSM_AmendChequeCardStatusSteps.get_the_transaction_number_and_click_on_alert_ok_button(CSM_AmendChequeCardStatusSteps.java:412)
	at ?.get the transaction number and click on alert ok button(file:///C:/Users/ININDC00076/git/CSMAnandh/AzentioAutomationFramework_CSMAnandh/src/test/java/features/CSM_AmendChequeCardStatusFEATURE.feature:64)
</pre></div></td>
<td>47</td>
<td>Runner.TestApplication@5d0bf09b</td></tr>
</table><p>
<table width='100%' border='1' class='invocation-passed'>
<tr><td colspan='4' align='center'><b>PASSED TESTS</b></td></tr>
<tr><td><b>Test method</b></td>
<td width="30%"><b>Exception</b></td>
<td width="10%"><b>Time (seconds)</b></td>
<td><b>Instance</b></td>
</tr>
<tr>
<td title='Runner.TestApplication.runScenario()'><b>runScenario</b><br>Test class: Runner.TestApplication<br>Test method: Runs Cucumber Scenarios<br>Parameters: "checking if the system is changing the chequebook status from DESTROYED to APPROVED", "Optional[To Test the amend cheque card status module]"</td>
<td></td>
<td>56</td>
<td>Runner.TestApplication@5d0bf09b</td></tr>
<tr>
<td title='Runner.TestApplication.runScenario()'><b>runScenario</b><br>Test class: Runner.TestApplication<br>Test method: Runs Cucumber Scenarios<br>Parameters: "checking if the system is changing the chequebook status from SUBMITTED to APPLY TO SUBMIT", "Optional[To Test the amend cheque card status module]"</td>
<td></td>
<td>41</td>
<td>Runner.TestApplication@5d0bf09b</td></tr>
<tr>
<td title='Runner.TestApplication.runScenario()'><b>runScenario</b><br>Test class: Runner.TestApplication<br>Test method: Runs Cucumber Scenarios<br>Parameters: "checking if the system is reversing the charges transaction if charges were applied at the destroy", "Optional[To Test the amend cheque card status module]"</td>
<td></td>
<td>49</td>
<td>Runner.TestApplication@5d0bf09b</td></tr>
</table><p>
</body>
</html>