<?xml version="1.0" encoding="UTF-8"?>
<!-- Generated by org.testng.reporters.JUnitXMLReporter -->
<testsuite ignored="0" hostname="PSK9T3U-DESKTOP" failures="1" tests="1" name="Default test" time="149.102" errors="0" timestamp="2023-04-21T17:08:19 IST">
  <testcase classname="io.cucumber.testng.AbstractTestNGCucumberTests" name="runScenario" time="138.487">
    <failure type="org.openqa.selenium.TimeoutException" message="Expected condition failed: waiting for visibility of [[ChromeDriver: chrome on WINDOWS (9c0daaef4316597c473beb0c1222533e)] -&amp;gt; id: search_chequeBookGridTbl_Id_Q000MT] (tried for 20 second(s) with 800 milliseconds interval)
Build info: version: &amp;apos;4.8.1&amp;apos;, revision: &amp;apos;8ebccac989&amp;apos;
System info: os.name: &amp;apos;Windows 10&amp;apos;, os.arch: &amp;apos;amd64&amp;apos;, os.version: &amp;apos;10.0&amp;apos;, java.version: &amp;apos;16.0.2&amp;apos;
Driver info: driver.version: unknown">
      <![CDATA[org.openqa.selenium.TimeoutException: Expected condition failed: waiting for visibility of [[ChromeDriver: chrome on WINDOWS (9c0daaef4316597c473beb0c1222533e)] -> id: search_chequeBookGridTbl_Id_Q000MT] (tried for 20 second(s) with 800 milliseconds interval)
Build info: version: '4.8.1', revision: '8ebccac989'
System info: os.name: 'Windows 10', os.arch: 'amd64', os.version: '10.0', java.version: '16.0.2'
Driver info: driver.version: unknown
at org.openqa.selenium.support.ui.FluentWait.timeoutException(FluentWait.java:263)
at org.openqa.selenium.support.ui.FluentWait.until(FluentWait.java:231)
at helper.WaitHelper.waitForElementwithFluentwait(WaitHelper.java:93)
at stepdefinitions.CSM_AmendChequeCardStatusSteps.user_search_approved_chequebook_code_in_cheque_book_request_maintenance_screen(CSM_AmendChequeCardStatusSteps.java:232)
at âœ½.User Search Approved chequebook code in Cheque book Request Maintenance Screen(file:///C:/Users/ININDC00482/git/CSM/AzentioAutomationFramework_CSM_Ajith/src/test/java/features/CSM_ChequeBookRequest.feature:31)
]]>
    </failure>
  </testcase> <!-- runScenario -->
</testsuite> <!-- Default test -->
